<?xml version="1.0" encoding="UTF-8"?>
<testsuite name="com.example.ClientApplicationTests" time="0.01" tests="1" errors="1" skipped="0" failures="0">
  <properties>
[...]
</properties>
  <testcase name="test" classname="com.example.ClientApplicationTests" time="0.01">
    <error type="java.lang.NullPointerException:">java.lang.NullPointerException: null
	at com.example.MongoConnector.getMongoClient(MongoConnector.java:20)
	at com.example.ClientApplicationTests.test(ClientApplicationTests.java:58)
</error>
    <system-out><![CDATA[12:38:14.142 [main] DEBUG org.springframework.test.context.junit4.SpringJUnit4ClassRunner - SpringJUnit4ClassRunner constructor called with [class com.example.ClientApplicationTests]
12:38:14.148 [main] DEBUG org.springframework.test.context.BootstrapUtils - Instantiating CacheAwareContextLoaderDelegate from class [org.springframework.test.context.cache.DefaultCacheAwareContextLoaderDelegate]
12:38:14.153 [main] DEBUG org.springframework.test.context.BootstrapUtils - Instantiating BootstrapContext using constructor [public org.springframework.test.context.support.DefaultBootstrapContext(java.lang.Class,org.springframework.test.context.CacheAwareContextLoaderDelegate)]
12:38:14.161 [main] DEBUG org.springframework.test.context.BootstrapUtils - Instantiating TestContextBootstrapper for test class [com.example.ClientApplicationTests] from class [org.springframework.test.context.support.DefaultTestContextBootstrapper]
12:38:14.178 [main] DEBUG org.springframework.test.context.support.DefaultTestContextBootstrapper - Found explicit ContextLoader class [org.springframework.boot.test.SpringApplicationContextLoader] for context configuration attributes [ContextConfigurationAttributes@5622fdf declaringClass = 'com.example.ClientApplicationTests', classes = '{class com.example.ClientApplication}', locations = '{}', inheritLocations = true, initializers = '{}', inheritInitializers = true, name = [null], contextLoaderClass = 'org.springframework.boot.test.SpringApplicationContextLoader']
12:38:14.185 [main] DEBUG org.springframework.test.context.support.AbstractContextLoader - Did not detect default resource location for test class [com.example.ClientApplicationTests]: class path resource [com/example/ClientApplicationTests-context.xml] does not exist
12:38:14.185 [main] DEBUG org.springframework.test.context.support.AbstractContextLoader - Did not detect default resource location for test class [com.example.ClientApplicationTests]: class path resource [com/example/ClientApplicationTestsContext.groovy] does not exist
12:38:14.185 [main] INFO org.springframework.test.context.support.AbstractContextLoader - Could not detect default resource locations for test class [com.example.ClientApplicationTests]: no resource found for suffixes {-context.xml, Context.groovy}.
12:38:14.187 [main] DEBUG org.springframework.test.context.support.ActiveProfilesUtils - Could not find an 'annotation declaring class' for annotation type [org.springframework.test.context.ActiveProfiles] and class [com.example.ClientApplicationTests]
12:38:14.190 [main] DEBUG org.springframework.test.context.support.DefaultTestContextBootstrapper - @TestExecutionListeners is not present for class [com.example.ClientApplicationTests]: using defaults.
12:38:14.195 [main] INFO org.springframework.test.context.support.DefaultTestContextBootstrapper - Loaded default TestExecutionListener class names from location [META-INF/spring.factories]: [org.springframework.test.context.web.ServletTestExecutionListener, org.springframework.test.context.support.DirtiesContextBeforeModesTestExecutionListener, org.springframework.test.context.support.DependencyInjectionTestExecutionListener, org.springframework.test.context.support.DirtiesContextTestExecutionListener, org.springframework.test.context.transaction.TransactionalTestExecutionListener, org.springframework.test.context.jdbc.SqlScriptsTestExecutionListener]
12:38:14.207 [main] INFO org.springframework.test.context.support.DefaultTestContextBootstrapper - Using TestExecutionListeners: [org.springframework.test.context.web.ServletTestExecutionListener@3cef309d, org.springframework.test.context.support.DirtiesContextBeforeModesTestExecutionListener@32709393, org.springframework.test.context.support.DependencyInjectionTestExecutionListener@3d99d22e, org.springframework.test.context.support.DirtiesContextTestExecutionListener@49fc609f, org.springframework.test.context.transaction.TransactionalTestExecutionListener@cd2dae5, org.springframework.test.context.jdbc.SqlScriptsTestExecutionListener@3a883ce7]
12:38:14.209 [main] DEBUG org.springframework.test.annotation.ProfileValueUtils - Retrieved @ProfileValueSourceConfiguration [null] for test class [com.example.ClientApplicationTests]
12:38:14.209 [main] DEBUG org.springframework.test.annotation.ProfileValueUtils - Retrieved ProfileValueSource type [class org.springframework.test.annotation.SystemProfileValueSource] for class [com.example.ClientApplicationTests]
12:38:14.211 [main] DEBUG org.springframework.test.context.junit4.SpringJUnit4ClassRunner - SpringJUnit4ClassRunner constructor called with [class com.example.ClientApplicationTests]
12:38:14.211 [main] DEBUG org.springframework.test.context.BootstrapUtils - Instantiating CacheAwareContextLoaderDelegate from class [org.springframework.test.context.cache.DefaultCacheAwareContextLoaderDelegate]
12:38:14.211 [main] DEBUG org.springframework.test.context.BootstrapUtils - Instantiating BootstrapContext using constructor [public org.springframework.test.context.support.DefaultBootstrapContext(java.lang.Class,org.springframework.test.context.CacheAwareContextLoaderDelegate)]
12:38:14.211 [main] DEBUG org.springframework.test.context.BootstrapUtils - Instantiating TestContextBootstrapper for test class [com.example.ClientApplicationTests] from class [org.springframework.test.context.support.DefaultTestContextBootstrapper]
12:38:14.212 [main] DEBUG org.springframework.test.context.support.DefaultTestContextBootstrapper - Found explicit ContextLoader class [org.springframework.boot.test.SpringApplicationContextLoader] for context configuration attributes [ContextConfigurationAttributes@2a17b7b6 declaringClass = 'com.example.ClientApplicationTests', classes = '{class com.example.ClientApplication}', locations = '{}', inheritLocations = true, initializers = '{}', inheritInitializers = true, name = [null], contextLoaderClass = 'org.springframework.boot.test.SpringApplicationContextLoader']
12:38:14.213 [main] DEBUG org.springframework.test.context.support.AbstractContextLoader - Did not detect default resource location for test class [com.example.ClientApplicationTests]: class path resource [com/example/ClientApplicationTests-context.xml] does not exist
12:38:14.213 [main] DEBUG org.springframework.test.context.support.AbstractContextLoader - Did not detect default resource location for test class [com.example.ClientApplicationTests]: class path resource [com/example/ClientApplicationTestsContext.groovy] does not exist
12:38:14.213 [main] INFO org.springframework.test.context.support.AbstractContextLoader - Could not detect default resource locations for test class [com.example.ClientApplicationTests]: no resource found for suffixes {-context.xml, Context.groovy}.
12:38:14.213 [main] DEBUG org.springframework.test.context.support.ActiveProfilesUtils - Could not find an 'annotation declaring class' for annotation type [org.springframework.test.context.ActiveProfiles] and class [com.example.ClientApplicationTests]
12:38:14.214 [main] DEBUG org.springframework.test.context.support.DefaultTestContextBootstrapper - @TestExecutionListeners is not present for class [com.example.ClientApplicationTests]: using defaults.
12:38:14.215 [main] INFO org.springframework.test.context.support.DefaultTestContextBootstrapper - Loaded default TestExecutionListener class names from location [META-INF/spring.factories]: [org.springframework.test.context.web.ServletTestExecutionListener, org.springframework.test.context.support.DirtiesContextBeforeModesTestExecutionListener, org.springframework.test.context.support.DependencyInjectionTestExecutionListener, org.springframework.test.context.support.DirtiesContextTestExecutionListener, org.springframework.test.context.transaction.TransactionalTestExecutionListener, org.springframework.test.context.jdbc.SqlScriptsTestExecutionListener]
12:38:14.215 [main] INFO org.springframework.test.context.support.DefaultTestContextBootstrapper - Using TestExecutionListeners: [org.springframework.test.context.web.ServletTestExecutionListener@7f13d6e, org.springframework.test.context.support.DirtiesContextBeforeModesTestExecutionListener@51cdd8a, org.springframework.test.context.support.DependencyInjectionTestExecutionListener@d44fc21, org.springframework.test.context.support.DirtiesContextTestExecutionListener@23faf8f2, org.springframework.test.context.transaction.TransactionalTestExecutionListener@2d6eabae, org.springframework.test.context.jdbc.SqlScriptsTestExecutionListener@4e7dc304]
12:38:14.215 [main] DEBUG org.springframework.test.annotation.ProfileValueUtils - Retrieved @ProfileValueSourceConfiguration [null] for test class [com.example.ClientApplicationTests]
12:38:14.216 [main] DEBUG org.springframework.test.annotation.ProfileValueUtils - Retrieved ProfileValueSource type [class org.springframework.test.annotation.SystemProfileValueSource] for class [com.example.ClientApplicationTests]
12:38:14.216 [main] DEBUG org.springframework.test.annotation.ProfileValueUtils - Retrieved @ProfileValueSourceConfiguration [null] for test class [com.example.ClientApplicationTests]
12:38:14.216 [main] DEBUG org.springframework.test.annotation.ProfileValueUtils - Retrieved ProfileValueSource type [class org.springframework.test.annotation.SystemProfileValueSource] for class [com.example.ClientApplicationTests]
12:38:14.217 [main] DEBUG org.springframework.test.context.support.AbstractDirtiesContextTestExecutionListener - Before test class: context [DefaultTestContext@396f6598 testClass = ClientApplicationTests, testInstance = [null], testMethod = [null], testException = [null], mergedContextConfiguration = [MergedContextConfiguration@394e1a0f testClass = ClientApplicationTests, locations = '{}', classes = '{class com.example.ClientApplication}', contextInitializerClasses = '[]', activeProfiles = '{}', propertySourceLocations = '{}', propertySourceProperties = '{}', contextLoader = 'org.springframework.boot.test.SpringApplicationContextLoader', parent = [null]]], class annotated with @DirtiesContext [false] with mode [null].
12:38:14.218 [main] DEBUG org.springframework.test.annotation.ProfileValueUtils - Retrieved @ProfileValueSourceConfiguration [null] for test class [com.example.ClientApplicationTests]
12:38:14.218 [main] DEBUG org.springframework.test.annotation.ProfileValueUtils - Retrieved ProfileValueSource type [class org.springframework.test.annotation.SystemProfileValueSource] for class [com.example.ClientApplicationTests]
12:38:14.220 [main] DEBUG org.springframework.test.context.support.DependencyInjectionTestExecutionListener - Performing dependency injection for test context [[DefaultTestContext@396f6598 testClass = ClientApplicationTests, testInstance = com.example.ClientApplicationTests@4b1c1ea0, testMethod = [null], testException = [null], mergedContextConfiguration = [MergedContextConfiguration@394e1a0f testClass = ClientApplicationTests, locations = '{}', classes = '{class com.example.ClientApplication}', contextInitializerClasses = '[]', activeProfiles = '{}', propertySourceLocations = '{}', propertySourceProperties = '{}', contextLoader = 'org.springframework.boot.test.SpringApplicationContextLoader', parent = [null]]]].
12:38:14.266 [main] DEBUG org.springframework.core.env.StandardEnvironment - Adding [systemProperties] PropertySource with lowest search precedence
12:38:14.267 [main] DEBUG org.springframework.core.env.StandardEnvironment - Adding [systemEnvironment] PropertySource with lowest search precedence
12:38:14.267 [main] DEBUG org.springframework.core.env.StandardEnvironment - Initialized StandardEnvironment with PropertySources [systemProperties,systemEnvironment]
12:38:14.268 [main] DEBUG org.springframework.core.env.StandardEnvironment - Adding [integrationTest] PropertySource with search precedence immediately lower than [systemEnvironment]

  .   ____          _            __ _ _
 /\\ / ___'_ __ _ _(_)_ __  __ _ \ \ \ \
( ( )\___ | '_ | '_| | '_ \/ _` | \ \ \ \
 \\/  ___)| |_)| | | | | || (_| |  ) ) ) )
  '  |____| .__|_| |_|_| |_\__, | / / / /
 =========|_|==============|___/=/_/_/_/
 :: Spring Boot ::        (v1.3.5.RELEASE)

2016-07-09 12:38:14.459  INFO 17052 --- [           main] com.example.ClientApplicationTests       : Starting ClientApplicationTests on DESKTOP-MDESU6T with PID 17052 (C:\Users\justkidding\Documents\workspace-sts\client\target\test-classes started by justkidding in C:\Users\justkidding\Documents\workspace-sts\client)
2016-07-09 12:38:14.460  INFO 17052 --- [           main] com.example.ClientApplicationTests       : No active profile set, falling back to default profiles: default
2016-07-09 12:38:14.486  INFO 17052 --- [           main] s.c.a.AnnotationConfigApplicationContext : Refreshing org.springframework.context.annotation.AnnotationConfigApplicationContext@6b81ce95: startup date [Sat Jul 09 12:38:14 CST 2016]; root of context hierarchy
mongo address:127.0.0.1
2016-07-09 12:38:15.637  INFO 17052 --- [           main] com.example.ClientApplicationTests       : Started ClientApplicationTests in 1.368 seconds (JVM running for 1.78)
odl address: 10.108.104.219
127.0.0.1
]]></system-out>
  </testcase>
</testsuite>